<?xml version="1.0" encoding="UTF-8"?>
<!-- Generated by org.testng.reporters.JUnitReportReporter -->
<testsuite skipped="0" hostname="DESKTOP-VV0I5IH" name="hr.Salary_SheetPage" tests="1" failures="0" timestamp="2020-06-16T15:07:13 IST" time="17.480" errors="0">
  <testcase name="hr_SalarySheet" time="17.480" classname="hr.Salary_SheetPage"/>
  <system-out/>
</testsuite> <!-- hr.Salary_SheetPage -->
