<?xml version="1.0" encoding="UTF-8"?>
<!-- Generated by org.testng.reporters.JUnitReportReporter -->
<testsuite skipped="0" hostname="DESKTOP-VV0I5IH" name="master.Mobile_User_AccessPage" tests="1" failures="0" timestamp="2020-06-17T11:51:40 IST" time="15.469" errors="0">
  <testcase name="master_clkGroups" time="15.469" classname="master.Mobile_User_AccessPage"/>
  <system-out/>
</testsuite> <!-- master.Mobile_User_AccessPage -->
