<?xml version="1.0" encoding="UTF-8"?>
<!-- Generated by org.testng.reporters.JUnitReportReporter -->
<testsuite skipped="0" hostname="DESKTOP-VV0I5IH" name="com.abstech.tranzack.DepartmentPage" tests="2" failures="0" timestamp="2020-06-12T17:29:09 IST" time="20.877" errors="0">
  <testcase name="clickDepartment" time="20.186" classname="com.abstech.tranzack.DepartmentPage"/>
  <system-out/>
  <testcase name="clkNextButton" time="0.691" classname="com.abstech.tranzack.DepartmentPage"/>
  <system-out/>
</testsuite> <!-- com.abstech.tranzack.DepartmentPage -->
