<?xml version="1.0" encoding="UTF-8"?>
<!-- Generated by org.testng.reporters.JUnitReportReporter -->
<testsuite skipped="0" hostname="DESKTOP-VV0I5IH" name="master.Do_ChallanPage" tests="1" failures="0" timestamp="2020-06-16T17:29:25 IST" time="6.903" errors="0">
  <testcase name="dochallan" time="6.903" classname="master.Do_ChallanPage"/>
  <system-out/>
</testsuite> <!-- master.Do_ChallanPage -->
