<?xml version="1.0" encoding="UTF-8"?>
<!-- Generated by org.testng.reporters.JUnitReportReporter -->
<testsuite skipped="0" hostname="DESKTOP-VV0I5IH" name="master.Do_RegistrationPagePage" tests="1" failures="0" timestamp="2020-06-16T17:51:27 IST" time="8.325" errors="0">
  <testcase name="doRegistration" time="8.325" classname="master.Do_RegistrationPagePage"/>
  <system-out/>
</testsuite> <!-- master.Do_RegistrationPagePage -->
