<?xml version="1.0" encoding="UTF-8"?>
<!-- Generated by org.testng.reporters.JUnitReportReporter -->
<testsuite skipped="0" hostname="DESKTOP-VV0I5IH" name="com.abstech.tranzack.AppTest" tests="1" failures="0" timestamp="2020-06-12T17:57:28 IST" time="0.002" errors="0">
  <testcase name="testApp" time="0.002" classname="com.abstech.tranzack.AppTest"/>
  <system-out/>
</testsuite> <!-- com.abstech.tranzack.AppTest -->
