<?xml version="1.0" encoding="UTF-8"?>
<!-- Generated by org.testng.reporters.JUnitReportReporter -->
<testsuite skipped="0" hostname="DESKTOP-VV0I5IH" name="master.GeofencesPage" tests="1" failures="0" timestamp="2020-06-17T11:22:56 IST" time="28.865" errors="0">
  <testcase name="master_clkGeofences" time="28.865" classname="master.GeofencesPage"/>
  <system-out/>
</testsuite> <!-- master.GeofencesPage -->
