<?xml version="1.0" encoding="UTF-8"?>
<!-- Generated by org.testng.reporters.JUnitReportReporter -->
<testsuite skipped="0" hostname="DESKTOP-VV0I5IH" name="hr.Manage_PayrollPage" tests="1" failures="0" timestamp="2020-06-15T18:14:29 IST" time="11.710" errors="0">
  <testcase name="hr_clkManagepayroll" time="11.710" classname="hr.Manage_PayrollPage"/>
  <system-out/>
</testsuite> <!-- hr.Manage_PayrollPage -->
