<?xml version="1.0" encoding="UTF-8"?>
<!-- Generated by org.testng.reporters.JUnitReportReporter -->
<testsuite skipped="0" hostname="DESKTOP-VV0I5IH" name="master.Freight_Payment_VoucherPage" tests="1" failures="0" timestamp="2020-06-16T18:27:41 IST" time="10.533" errors="0">
  <testcase name="master_clkFreightPaymentVoucher" time="10.533" classname="master.Freight_Payment_VoucherPage"/>
  <system-out/>
</testsuite> <!-- master.Freight_Payment_VoucherPage -->
