<?xml version="1.0" encoding="UTF-8"?>
<!-- Generated by org.testng.reporters.JUnitReportReporter -->
<testsuite skipped="0" hostname="DESKTOP-VV0I5IH" name="master.GroupsPage" tests="1" failures="0" timestamp="2020-06-17T11:33:33 IST" time="15.754" errors="0">
  <testcase name="master_clkGroups" time="15.754" classname="master.GroupsPage"/>
  <system-out/>
</testsuite> <!-- master.GroupsPage -->
