<?xml version="1.0" encoding="UTF-8"?>
<!-- Generated by org.testng.reporters.JUnitReportReporter -->
<testsuite skipped="0" hostname="DESKTOP-VV0I5IH" name="reports.Historic_PlaybackPage" tests="1" failures="0" timestamp="2020-06-18T16:53:18 IST" time="15.561" errors="0">
  <testcase name="getclkHistoric_Payback" time="15.561" classname="reports.Historic_PlaybackPage"/>
  <system-out/>
</testsuite> <!-- reports.Historic_PlaybackPage -->
