<?xml version="1.0" encoding="UTF-8"?>
<!-- Generated by org.testng.reporters.JUnitReportReporter -->
<testsuite skipped="0" hostname="DESKTOP-VV0I5IH" name="hsd.Diesel_PurchasePage" tests="1" failures="0" timestamp="2020-06-16T15:28:54 IST" time="17.519" errors="0">
  <testcase name="hr_SalarySheet" time="17.519" classname="hsd.Diesel_PurchasePage"/>
  <system-out/>
</testsuite> <!-- hsd.Diesel_PurchasePage -->
