<?xml version="1.0" encoding="UTF-8"?>
<!-- Generated by org.testng.reporters.JUnitReportReporter -->
<testsuite skipped="0" hostname="DESKTOP-VV0I5IH" name="master.Route_MasterPage" tests="1" failures="0" timestamp="2020-06-17T13:18:18 IST" time="16.118" errors="0">
  <testcase name="master_clkRoutMaster" time="16.118" classname="master.Route_MasterPage"/>
  <system-out/>
</testsuite> <!-- master.Route_MasterPage -->
