<?xml version="1.0" encoding="UTF-8"?>
<!-- Generated by org.testng.reporters.JUnitReportReporter -->
<testsuite skipped="0" hostname="DESKTOP-VV0I5IH" name="master.Battery_MasterPage" tests="1" failures="0" timestamp="2020-06-16T16:15:45 IST" time="10.531" errors="0">
  <testcase name="master_clkBatteryMaster" time="10.531" classname="master.Battery_MasterPage"/>
  <system-out/>
</testsuite> <!-- master.Battery_MasterPage -->
