<?xml version="1.0" encoding="UTF-8"?>
<!-- Generated by org.testng.reporters.JUnitReportReporter -->
<testsuite skipped="0" hostname="DESKTOP-VV0I5IH" name="com.abstech.tranzack.DashboardPage" tests="18" failures="0" timestamp="2020-06-12T13:11:52 IST" time="95.026" errors="0">
  <testcase name="movemaster" time="5.176" classname="com.abstech.tranzack.DashboardPage"/>
  <system-out/>
  <testcase name="moveReport" time="5.154" classname="com.abstech.tranzack.DashboardPage"/>
  <system-out/>
  <testcase name="moveHSD" time="5.566" classname="com.abstech.tranzack.DashboardPage"/>
  <system-out/>
  <testcase name="moveHR" time="5.324" classname="com.abstech.tranzack.DashboardPage"/>
  <system-out/>
  <testcase name="moveTyre" time="5.154" classname="com.abstech.tranzack.DashboardPage"/>
  <system-out/>
  <testcase name="moveApproval" time="5.744" classname="com.abstech.tranzack.DashboardPage"/>
  <system-out/>
  <testcase name="moveStoreAndPur" time="5.152" classname="com.abstech.tranzack.DashboardPage"/>
  <system-out/>
  <testcase name="moveFinance" time="5.432" classname="com.abstech.tranzack.DashboardPage"/>
  <system-out/>
  <testcase name="clickmenu" time="5.311" classname="com.abstech.tranzack.DashboardPage"/>
  <system-out/>
  <testcase name="clickMaster" time="5.188" classname="com.abstech.tranzack.DashboardPage"/>
  <system-out/>
  <testcase name="clickReports" time="5.896" classname="com.abstech.tranzack.DashboardPage"/>
  <system-out/>
  <testcase name="clickhsd" time="5.192" classname="com.abstech.tranzack.DashboardPage"/>
  <system-out/>
  <testcase name="clickHR" time="5.775" classname="com.abstech.tranzack.DashboardPage"/>
  <system-out/>
  <testcase name="clickTyre" time="5.820" classname="com.abstech.tranzack.DashboardPage"/>
  <system-out/>
  <testcase name="clickApproval" time="5.202" classname="com.abstech.tranzack.DashboardPage"/>
  <system-out/>
  <testcase name="clickStore" time="5.188" classname="com.abstech.tranzack.DashboardPage"/>
  <system-out/>
  <testcase name="clickFinance" time="5.445" classname="com.abstech.tranzack.DashboardPage"/>
  <system-out/>
  <testcase name="clickmenuAgain" time="3.307" classname="com.abstech.tranzack.DashboardPage"/>
  <system-out/>
</testsuite> <!-- com.abstech.tranzack.DashboardPage -->
