<?xml version="1.0" encoding="UTF-8"?>
<!-- Generated by org.testng.reporters.JUnitReportReporter -->
<testsuite skipped="0" hostname="DESKTOP-VV0I5IH" name="master.PartyPage" tests="1" failures="0" timestamp="2020-06-17T14:21:54 IST" time="15.505" errors="0">
  <testcase name="master_clkOarty" time="15.505" classname="master.PartyPage"/>
  <system-out/>
</testsuite> <!-- master.PartyPage -->
