<?xml version="1.0" encoding="UTF-8"?>
<!-- Generated by org.testng.reporters.JUnitReportReporter -->
<testsuite skipped="0" hostname="DESKTOP-VV0I5IH" name="com.abstech.tranzack.DashboardPage" tests="18" failures="0" timestamp="2020-05-30T15:02:40 IST" time="95.956" errors="0">
  <testcase name="movemaster" time="5.100" classname="com.abstech.tranzack.DashboardPage"/>
  <system-out/>
  <testcase name="moveReport" time="5.055" classname="com.abstech.tranzack.DashboardPage"/>
  <system-out/>
  <testcase name="moveHSD" time="5.577" classname="com.abstech.tranzack.DashboardPage"/>
  <system-out/>
  <testcase name="moveHR" time="5.069" classname="com.abstech.tranzack.DashboardPage"/>
  <system-out/>
  <testcase name="moveTyre" time="5.524" classname="com.abstech.tranzack.DashboardPage"/>
  <system-out/>
  <testcase name="moveApproval" time="5.557" classname="com.abstech.tranzack.DashboardPage"/>
  <system-out/>
  <testcase name="moveStoreAndPur" time="5.059" classname="com.abstech.tranzack.DashboardPage"/>
  <system-out/>
  <testcase name="moveFinance" time="5.566" classname="com.abstech.tranzack.DashboardPage"/>
  <system-out/>
  <testcase name="clickmenu" time="6.029" classname="com.abstech.tranzack.DashboardPage"/>
  <system-out/>
  <testcase name="clickMaster" time="5.125" classname="com.abstech.tranzack.DashboardPage"/>
  <system-out/>
  <testcase name="clickReports" time="5.554" classname="com.abstech.tranzack.DashboardPage"/>
  <system-out/>
  <testcase name="clickhsd" time="5.101" classname="com.abstech.tranzack.DashboardPage"/>
  <system-out/>
  <testcase name="clickHR" time="5.095" classname="com.abstech.tranzack.DashboardPage"/>
  <system-out/>
  <testcase name="clickTyre" time="5.828" classname="com.abstech.tranzack.DashboardPage"/>
  <system-out/>
  <testcase name="clickApproval" time="6.003" classname="com.abstech.tranzack.DashboardPage"/>
  <system-out/>
  <testcase name="clickStore" time="5.097" classname="com.abstech.tranzack.DashboardPage"/>
  <system-out/>
  <testcase name="clickFinance" time="5.957" classname="com.abstech.tranzack.DashboardPage"/>
  <system-out/>
  <testcase name="clickmenuAgain" time="3.660" classname="com.abstech.tranzack.DashboardPage"/>
  <system-out/>
</testsuite> <!-- com.abstech.tranzack.DashboardPage -->
