<?xml version="1.0" encoding="UTF-8"?>
<!-- Generated by org.testng.reporters.JUnitReportReporter -->
<testsuite skipped="0" hostname="DESKTOP-VV0I5IH" name="reports.Driver_PerformancePage" tests="1" failures="0" timestamp="2020-06-17T15:49:36 IST" time="15.533" errors="0">
  <testcase name="master_clkGroups" time="15.533" classname="reports.Driver_PerformancePage"/>
  <system-out/>
</testsuite> <!-- reports.Driver_PerformancePage -->
