<?xml version="1.0" encoding="UTF-8"?>
<!-- Generated by org.testng.reporters.JUnitReportReporter -->
<testsuite skipped="0" hostname="DESKTOP-VV0I5IH" name="com.abstech.tranzack.DashboardPage" tests="18" failures="0" timestamp="2020-06-12T17:57:28 IST" time="94.731" errors="0">
  <testcase name="movemaster" time="5.176" classname="com.abstech.tranzack.DashboardPage"/>
  <system-out/>
  <testcase name="moveReport" time="5.161" classname="com.abstech.tranzack.DashboardPage"/>
  <system-out/>
  <testcase name="moveHSD" time="5.144" classname="com.abstech.tranzack.DashboardPage"/>
  <system-out/>
  <testcase name="moveHR" time="5.149" classname="com.abstech.tranzack.DashboardPage"/>
  <system-out/>
  <testcase name="moveTyre" time="5.732" classname="com.abstech.tranzack.DashboardPage"/>
  <system-out/>
  <testcase name="moveApproval" time="5.146" classname="com.abstech.tranzack.DashboardPage"/>
  <system-out/>
  <testcase name="moveStoreAndPur" time="5.145" classname="com.abstech.tranzack.DashboardPage"/>
  <system-out/>
  <testcase name="moveFinance" time="5.763" classname="com.abstech.tranzack.DashboardPage"/>
  <system-out/>
  <testcase name="clickmenu" time="5.316" classname="com.abstech.tranzack.DashboardPage"/>
  <system-out/>
  <testcase name="clickMaster" time="5.223" classname="com.abstech.tranzack.DashboardPage"/>
  <system-out/>
  <testcase name="clickReports" time="5.911" classname="com.abstech.tranzack.DashboardPage"/>
  <system-out/>
  <testcase name="clickhsd" time="5.194" classname="com.abstech.tranzack.DashboardPage"/>
  <system-out/>
  <testcase name="clickHR" time="5.180" classname="com.abstech.tranzack.DashboardPage"/>
  <system-out/>
  <testcase name="clickTyre" time="5.942" classname="com.abstech.tranzack.DashboardPage"/>
  <system-out/>
  <testcase name="clickApproval" time="5.266" classname="com.abstech.tranzack.DashboardPage"/>
  <system-out/>
  <testcase name="clickStore" time="5.185" classname="com.abstech.tranzack.DashboardPage"/>
  <system-out/>
  <testcase name="clickFinance" time="5.788" classname="com.abstech.tranzack.DashboardPage"/>
  <system-out/>
  <testcase name="clickmenuAgain" time="3.310" classname="com.abstech.tranzack.DashboardPage"/>
  <system-out/>
</testsuite> <!-- com.abstech.tranzack.DashboardPage -->
