<?xml version="1.0" encoding="UTF-8"?>
<!-- Generated by org.testng.reporters.JUnitReportReporter -->
<testsuite skipped="0" hostname="DESKTOP-VV0I5IH" name="hr.ReportsPage" tests="1" failures="0" timestamp="2020-06-16T15:05:35 IST" time="5.373" errors="0">
  <testcase name="hr_reports" time="5.373" classname="hr.ReportsPage"/>
  <system-out/>
</testsuite> <!-- hr.ReportsPage -->
