<?xml version="1.0" encoding="UTF-8"?>
<!-- Generated by org.testng.reporters.JUnitReportReporter -->
<testsuite skipped="0" hostname="DESKTOP-VV0I5IH" name="com.abstech.tranzack.AttendancePage" tests="3" failures="0" timestamp="2020-06-12T17:57:28 IST" time="55.368" errors="0">
  <testcase name="clickDepartment" time="20.177" classname="com.abstech.tranzack.AttendancePage"/>
  <system-out/>
  <testcase name="clkClander" time="29.129" classname="com.abstech.tranzack.AttendancePage"/>
  <system-out/>
  <testcase name="clkCopy" time="6.062" classname="com.abstech.tranzack.AttendancePage"/>
  <system-out/>
</testsuite> <!-- com.abstech.tranzack.AttendancePage -->
