<?xml version="1.0" encoding="UTF-8"?>
<!-- Generated by org.testng.reporters.JUnitReportReporter -->
<testsuite skipped="0" hostname="DESKTOP-VV0I5IH" name="com.abstech.tranzack.HomePage" tests="1" failures="0" timestamp="2020-06-15T11:07:06 IST" time="3.173" errors="0">
  <testcase name="homepageNav" time="3.173" classname="com.abstech.tranzack.HomePage"/>
  <system-out/>
</testsuite> <!-- com.abstech.tranzack.HomePage -->
