<?xml version="1.0" encoding="UTF-8"?>
<!-- Generated by org.testng.reporters.JUnitReportReporter -->
<testsuite skipped="0" hostname="DESKTOP-VV0I5IH" name="master.CustomerPage" tests="1" failures="0" timestamp="2020-06-16T16:36:24 IST" time="10.415" errors="0">
  <testcase name="mastercustomer" time="10.415" classname="master.CustomerPage"/>
  <system-out/>
</testsuite> <!-- master.CustomerPage -->
