<?xml version="1.0" encoding="UTF-8"?>
<!-- Generated by org.testng.reporters.JUnitReportReporter -->
<testsuite skipped="0" hostname="DESKTOP-VV0I5IH" name="com.abstech.tranzack.DepartmentPage" tests="19" failures="0" timestamp="2020-05-30T15:24:30 IST" time="198.086" errors="0">
  <testcase name="clickDepartment" time="36.199" classname="com.abstech.tranzack.DepartmentPage"/>
  <system-out/>
  <testcase name="departmentvalidation" time="15.618" classname="com.abstech.tranzack.DepartmentPage"/>
  <system-out/>
  <testcase name="departmentNameValidatio" time="15.008" classname="com.abstech.tranzack.DepartmentPage"/>
  <system-out/>
  <testcase name="departmentHeadValidatio" time="14.780" classname="com.abstech.tranzack.DepartmentPage"/>
  <system-out/>
  <testcase name="newAddDepartment" time="5.428" classname="com.abstech.tranzack.DepartmentPage"/>
  <system-out/>
  <testcase name="DownloadExcel" time="6.691" classname="com.abstech.tranzack.DepartmentPage"/>
  <system-out/>
  <testcase name="DownloadCSV" time="5.142" classname="com.abstech.tranzack.DepartmentPage"/>
  <system-out/>
  <testcase name="DownloadPDF" time="6.647" classname="com.abstech.tranzack.DepartmentPage"/>
  <system-out/>
  <testcase name="copy" time="6.853" classname="com.abstech.tranzack.DepartmentPage"/>
  <system-out/>
  <testcase name="clkButton" time="5.142" classname="com.abstech.tranzack.DepartmentPage"/>
  <system-out/>
  <testcase name="clkTenRowButton" time="6.540" classname="com.abstech.tranzack.DepartmentPage"/>
  <system-out/>
  <testcase name="clkNextButton" time="8.461" classname="com.abstech.tranzack.DepartmentPage"/>
  <system-out/>
  <testcase name="clkTwentyFiveRowButton" time="7.415" classname="com.abstech.tranzack.DepartmentPage"/>
  <system-out/>
  <testcase name="clkFiftyRowButton" time="5.201" classname="com.abstech.tranzack.DepartmentPage"/>
  <system-out/>
  <testcase name="clkHideButton" time="8.429" classname="com.abstech.tranzack.DepartmentPage"/>
  <system-out/>
  <testcase name="clkEditButton" time="11.388" classname="com.abstech.tranzack.DepartmentPage"/>
  <system-out/>
  <testcase name="clkDeleteButton" time="7.181" classname="com.abstech.tranzack.DepartmentPage"/>
  <system-out/>
  <testcase name="clkSearchElement" time="17.750" classname="com.abstech.tranzack.DepartmentPage"/>
  <system-out/>
  <testcase name="clkSearch" time="8.213" classname="com.abstech.tranzack.DepartmentPage"/>
  <system-out/>
</testsuite> <!-- com.abstech.tranzack.DepartmentPage -->
