<?xml version="1.0" encoding="UTF-8"?>
<!-- Generated by org.testng.reporters.JUnitReportReporter -->
<testsuite skipped="0" hostname="DESKTOP-VV0I5IH" name="reports.Event_ReportsPage" tests="1" failures="0" timestamp="2020-06-18T15:43:06 IST" time="15.527" errors="0">
  <testcase name="clk_Reports_EventReports" time="15.527" classname="reports.Event_ReportsPage"/>
  <system-out/>
</testsuite> <!-- reports.Event_ReportsPage -->
