<?xml version="1.0" encoding="UTF-8"?>
<!-- Generated by org.testng.reporters.JUnitReportReporter -->
<testsuite skipped="0" hostname="DESKTOP-VV0I5IH" name="hr.Manage_PayrollPage" tests="1" failures="0" timestamp="2020-06-16T15:00:27 IST" time="15.464" errors="0">
  <testcase name="hr_clkManagepayroll" time="15.464" classname="hr.Manage_PayrollPage"/>
  <system-out/>
</testsuite> <!-- hr.Manage_PayrollPage -->
