<?xml version="1.0" encoding="UTF-8"?>
<!-- Generated by org.testng.reporters.JUnitReportReporter -->
<testsuite skipped="0" hostname="DESKTOP-VV0I5IH" name="hsd.Diesel_IssuePage" tests="1" failures="0" timestamp="2020-06-16T15:08:04 IST" time="10.506" errors="0">
  <testcase name="hsd_Diselissue" time="10.506" classname="hsd.Diesel_IssuePage"/>
  <system-out/>
</testsuite> <!-- hsd.Diesel_IssuePage -->
