<?xml version="1.0" encoding="UTF-8"?>
<!-- Generated by org.testng.reporters.JUnitReportReporter -->
<testsuite skipped="0" hostname="DESKTOP-VV0I5IH" name="com.abstech.tranzack.DriverPage" tests="3" failures="0" timestamp="2020-05-30T12:10:06 IST" time="76.267" errors="0">
  <testcase name="clickDepartment" time="32.382" classname="com.abstech.tranzack.DriverPage"/>
  <system-out/>
  <testcase name="Threadpart" time="10.408" classname="com.abstech.tranzack.DriverPage"/>
  <system-out/>
  <testcase name="AddNewDriver" time="33.477" classname="com.abstech.tranzack.DriverPage"/>
  <system-out/>
</testsuite> <!-- com.abstech.tranzack.DriverPage -->
