<?xml version="1.0" encoding="UTF-8"?>
<!-- Generated by org.testng.reporters.JUnitReportReporter -->
<testsuite skipped="0" hostname="DESKTOP-VV0I5IH" name="com.abstech.tranzack.AttendancePage" tests="3" failures="0" timestamp="2020-06-12T13:11:52 IST" time="55.548" errors="0">
  <testcase name="clickDepartment" time="20.188" classname="com.abstech.tranzack.AttendancePage"/>
  <system-out/>
  <testcase name="clkClander" time="27.718" classname="com.abstech.tranzack.AttendancePage"/>
  <system-out/>
  <testcase name="clkCopy" time="7.642" classname="com.abstech.tranzack.AttendancePage"/>
  <system-out/>
</testsuite> <!-- com.abstech.tranzack.AttendancePage -->
