<?xml version="1.0" encoding="UTF-8"?>
<!-- Generated by org.testng.reporters.JUnitReportReporter -->
<testsuite skipped="0" hostname="DESKTOP-VV0I5IH" name="master.Freight_Payment_VoucherPage" tests="1" failures="0" timestamp="2020-06-17T10:08:14 IST" time="12.739" errors="0">
  <testcase name="master_clkFreightPaymentVoucher" time="12.739" classname="master.Freight_Payment_VoucherPage"/>
  <system-out/>
</testsuite> <!-- master.Freight_Payment_VoucherPage -->
