<?xml version="1.0" encoding="UTF-8"?>
<!-- Generated by org.testng.reporters.JUnitReportReporter -->
<testsuite skipped="0" hostname="DESKTOP-VV0I5IH" name="tyre.Add_Tyre_To_VehiclePage" tests="1" failures="0" timestamp="2020-06-15T16:45:37 IST" time="11.112" errors="0">
  <testcase name="Tyre_ClkAddtyreToVehicle" time="11.112" classname="tyre.Add_Tyre_To_VehiclePage"/>
  <system-out/>
</testsuite> <!-- tyre.Add_Tyre_To_VehiclePage -->
