<?xml version="1.0" encoding="UTF-8"?>
<!-- Generated by org.testng.reporters.JUnitReportReporter -->
<testsuite skipped="0" hostname="DESKTOP-VV0I5IH" name="reports.Gps_TripsPage" tests="1" failures="0" timestamp="2020-06-18T15:38:54 IST" time="11.074" errors="0">
  <testcase name="clk_Gps_TripReports" time="11.074" classname="reports.Gps_TripsPage"/>
  <system-out/>
</testsuite> <!-- reports.Gps_TripsPage -->
